MIG: 11:39:05 : Running customizer.xit
MIG: 11:39:05 : ################# RUNNING MIG INTERACTIVE ###################
MIG: 11:39:05 : Writing IN file for 'system_mig_7series_0_1'...compDirPath: c:/Xilinx/Vivado/2018.2/data/ip/xilinx/mig_7series_v4_1... instDirPath: c:/Users/user1/AppData/Roaming/Xilinx/Vivado/.Xil/Vivado-3576-DESKTOP-R64LHV4/coregen/system_mig_7series_0_1
MIG: 11:39:05 : synp_flow:  -- synthesis_mode: Other
MIG: 11:39:05 : outputDirectory: c:/Users/user1/AppData/Roaming/Xilinx/Vivado/.Xil/Vivado-3576-DESKTOP-R64LHV4/coregen/system_mig_7series_0_1/_tmp/
MIG: 11:39:05 : vivado_mode: xpg_bd
MIG: 11:39:05 :  locked false  
MIG: 11:39:05 : HDL Language: Verilog
MIG: 11:39:05 : compInfo: false
MIG: 11:39:05 : relative mig path: coregen/ip/xilinx/other/com/xilinx/ip/mig_7series_v4_1/bin/nt64/mig.exe
MIG: 11:39:05 : xilinx_path: C:/Xilinx/Vivado/2018.2/ids_lite/ISE
MIG: 11:39:05 : I am in catch area
MIG: 11:39:05 : Running C:/Xilinx/Vivado/2018.2/ids_lite/ISE/coregen/ip/xilinx/other/com/xilinx/ip/mig_7series_v4_1/bin/nt64/mig.exe -cg_exc_inp c:/Users/user1/AppData/Roaming/Xilinx/Vivado/.Xil/Vivado-3576-DESKTOP-R64LHV4/coregen/system_mig_7series_0_1/xil_txt.in -cg_exc_out c:/Users/user1/AppData/Roaming/Xilinx/Vivado/.Xil/Vivado-3576-DESKTOP-R64LHV4/coregen/system_mig_7series_0_1/xil_txt.out ... 
MIG: 11:44:01 : Prasad before: xmlPropertyPrj -- .prj
MIG: 11:44:01 : Prasad After: xmlPropertyPrj -- mig_a.prj
MIG: 11:44:01 : XML_INPUT_FILE: c:/Users/user1/AppData/Roaming/Xilinx/Vivado/.Xil/Vivado-3576-DESKTOP-R64LHV4/coregen/system_mig_7series_0_1/mig_a.prj
MIG: 11:44:01 : Component_Name: system_mig_7series_0_1
MIG: 11:44:01 : Moving system_mig_7series_0_1 ...
MIG: 11:44:01 : Moving system_mig_7series_0_1.veo ...
MIG: 11:44:01 : Moving system_mig_7series_0_1_xmdf.tcl ...
MIG: 11:44:01 : Sending back 0
MIG: 11:44:02 : xml_input_file: mig_a.prj
MIG: 11:44:02 : Absolute path of xml_input_file: d:/Projects/MimasA7_Gigabit_Ethernet/MimasA7_Gigabit_Ethernet.srcs/sources_1/bd/system/ip/system_mig_7series_0_1/mig_a.prj
MIG: 11:44:02 : xml_input_file: mig_a.prj
MIG: 11:44:02 : Absolute path of xml_input_file: d:/Projects/MimasA7_Gigabit_Ethernet/MimasA7_Gigabit_Ethernet.srcs/sources_1/bd/system/ip/system_mig_7series_0_1/mig_a.prj
MIG: 11:44:02 : In updateAllModelParams
MIG: 11:44:02 : IGN:     <ModuleName>system_mig_7series_0_1</ModuleName> <==>     <ModuleName>system_mig_7series_0_1</ModuleName> 
MIG: 11:44:02 : IGN:         <InputClkFreq>200</InputClkFreq> <==>         <InputClkFreq>200</InputClkFreq> 
MIG: 11:44:02 : XGUI hdlLanguage: Verilog
MIG: 11:44:02 : xgui vivado_mode: xpg_bd
MIG: 11:44:02 : xgui hdlLanguage: Verilog -- hdlExt: v
MIG: 11:44:02 : Reading D:/Projects/MimasA7_Gigabit_Ethernet/MimasA7_Gigabit_Ethernet.srcs/sources_1/bd/system/ip/system_mig_7series_0_1/system_mig_7series_0_1/user_design/rtl/system_mig_7series_0_1_mig.v ...
MIG: 11:44:03 : 1
MIG: 11:44:03 : Inside fn mem: DDR3
MIG: 11:44:03 : detect_uiclk: 100000000
MIG: 11:44:03 : cntrl:  memtype: DDR3
MIG: 11:44:03 : 800
MIG: 11:44:03 :  MMCM_VCO single ctrl param_name: MMCM_VCO --  possibleMaxVcoVal: 800 
MIG: 11:44:03 : 
MIG: 11:44:03 : 1
MIG: 11:44:03 : 100000000
MIG: 11:44:03 : 
MIG: 11:44:03 :  polarity_value: 1
MIG: 11:44:03 : 
MIG: 11:44:03 : 
MIG: 11:44:03 : cntrl:  memtype: DDR3
MIG: 11:44:03 : 
MIG: 11:44:03 :  Valid Param: DDR3_BANK_WIDTH ==> 3
MIG: 11:44:03 : 
MIG: 11:44:03 :  Valid Param: DDR3_CK_WIDTH ==> 1
MIG: 11:44:03 :  Invalid Param: DDR3_COL_WIDTH ==> 10
MIG: 11:44:03 : 
MIG: 11:44:03 :  Valid Param: DDR3_CS_WIDTH ==> 1
MIG: 11:44:03 : 
MIG: 11:44:03 :  Valid Param: DDR3_nCS_PER_RANK ==> 1
MIG: 11:44:03 : 
MIG: 11:44:03 :  Valid Param: DDR3_CKE_WIDTH ==> 1
MIG: 11:44:03 :  Invalid Param: DDR3_DATA_BUF_ADDR_WIDTH ==> 5
MIG: 11:44:03 :  Invalid Param: DDR3_DQ_CNT_WIDTH ==> 4
MIG: 11:44:03 :  Invalid Param: DDR3_DQ_PER_DM ==> 8
MIG: 11:44:03 : 2
MIG: 11:44:03 :  Valid Param: DDR3_DM_WIDTH ==> 2
MIG: 11:44:03 : 16
MIG: 11:44:03 :  Valid Param: DDR3_DQ_WIDTH ==> 16
MIG: 11:44:03 : 2
MIG: 11:44:03 :  Valid Param: DDR3_DQS_WIDTH ==> 2
MIG: 11:44:03 : 
MIG: 11:44:03 :  Valid Param: DDR3_DQS_CNT_WIDTH ==> 1
MIG: 11:44:03 :  Invalid Param: DDR3_DRAM_WIDTH ==> 8
MIG: 11:44:03 : 
MIG: 11:44:03 :  Valid Param: ECC ==> OFF
MIG: 11:44:03 : 16
MIG: 11:44:03 :  Valid Param: DDR3_DATA_WIDTH ==> 16
MIG: 11:44:03 :  Invalid Param: ECC_TEST ==> "OFF"
MIG: 11:44:03 :  Invalid Param: DDR3_PAYLOAD_WIDTH ==> (ECC_TEST == "OFF") ? DATA_WIDTH : DQ_WIDTH
MIG: 11:44:03 :  Invalid Param: DDR3_MEM_ADDR_ORDER ==> "BANK_ROW_COLUMN"
MIG: 11:44:03 :  Invalid Param: DDR3_nBANK_MACHS ==> 4
MIG: 11:44:03 :  Invalid Param: DDR3_RANKS ==> 1
MIG: 11:44:03 : 
MIG: 11:44:03 :  Valid Param: DDR3_ODT_WIDTH ==> 1
MIG: 11:44:03 : 
MIG: 11:44:03 :  Valid Param: DDR3_ROW_WIDTH ==> 14
MIG: 11:44:03 : 28
MIG: 11:44:03 :  Valid Param: DDR3_ADDR_WIDTH ==> 28
MIG: 11:44:03 : 
MIG: 11:44:03 :  Valid Param: DDR3_USE_CS_PORT ==> 1
MIG: 11:44:03 : 
MIG: 11:44:03 :  Valid Param: DDR3_USE_DM_PORT ==> 1
MIG: 11:44:03 : 
MIG: 11:44:03 :  Valid Param: DDR3_USE_ODT_PORT ==> 1
MIG: 11:44:03 :  Invalid Param: DDR3_IS_CLK_SHARED ==> "FALSE"
MIG: 11:44:03 :  Invalid Param: DDR3_PHY_CONTROL_MASTER_BANK ==> 0
MIG: 11:44:03 :  Invalid Param: DDR3_MEM_DENSITY ==> "2Gb"
MIG: 11:44:03 :  Invalid Param: DDR3_MEM_SPEEDGRADE ==> "125"
MIG: 11:44:03 :  Invalid Param: DDR3_MEM_DEVICE_WIDTH ==> 16
MIG: 11:44:03 :  Invalid Param: DDR3_AL ==> "0"
MIG: 11:44:03 :  Invalid Param: DDR3_nAL ==> 0
MIG: 11:44:03 :  Invalid Param: DDR3_BURST_MODE ==> "8"
MIG: 11:44:03 :  Invalid Param: DDR3_BURST_TYPE ==> "SEQ"
MIG: 11:44:03 :  Invalid Param: DDR3_CL ==> 6
MIG: 11:44:03 :  Invalid Param: DDR3_CWL ==> 5
MIG: 11:44:03 :  Invalid Param: DDR3_OUTPUT_DRV ==> "HIGH"
MIG: 11:44:03 :  Invalid Param: DDR3_RTT_NOM ==> "60"
MIG: 11:44:03 :  Invalid Param: DDR3_RTT_WR ==> "OFF"
MIG: 11:44:03 :  Invalid Param: DDR3_ADDR_CMD_MODE ==> "1T"
MIG: 11:44:03 : 
MIG: 11:44:03 :  Valid Param: DDR3_REG_CTRL ==> OFF
MIG: 11:44:03 :  Invalid Param: DDR3_CA_MIRROR ==> "OFF"
MIG: 11:44:03 :  Invalid Param: DDR3_VDD_OP_VOLT ==> "150"
MIG: 11:44:03 :  Invalid Param: DDR3_CLKIN_PERIOD ==> 5000
MIG: 11:44:03 :  Invalid Param: DDR3_CLKFBOUT_MULT ==> 4
MIG: 11:44:03 :  Invalid Param: DDR3_DIVCLK_DIVIDE ==> 1
MIG: 11:44:03 :  Invalid Param: DDR3_CLKOUT0_PHASE ==> 0.0
MIG: 11:44:03 :  Invalid Param: DDR3_CLKOUT0_DIVIDE ==> 1
MIG: 11:44:03 :  Invalid Param: DDR3_CLKOUT1_DIVIDE ==> 2
MIG: 11:44:03 :  Invalid Param: DDR3_CLKOUT2_DIVIDE ==> 32
MIG: 11:44:03 :  Invalid Param: DDR3_CLKOUT3_DIVIDE ==> 8
MIG: 11:44:03 :  Invalid Param: DDR3_MMCM_VCO ==> 800
MIG: 11:44:03 :  Invalid Param: DDR3_MMCM_MULT_F ==> 8
MIG: 11:44:03 :  Invalid Param: DDR3_MMCM_DIVCLK_DIVIDE ==> 1
MIG: 11:44:03 :  Invalid Param: DDR3_tCKE ==> 5000
MIG: 11:44:03 :  Invalid Param: DDR3_tFAW ==> 40000
MIG: 11:44:03 :  Invalid Param: DDR3_tPRDI ==> 1_000_000
MIG: 11:44:03 :  Invalid Param: DDR3_tRAS ==> 35000
MIG: 11:44:03 :  Invalid Param: DDR3_tRCD ==> 13750
MIG: 11:44:03 :  Invalid Param: DDR3_tREFI ==> 7800000
MIG: 11:44:03 :  Invalid Param: DDR3_tRFC ==> 160000
MIG: 11:44:03 :  Invalid Param: DDR3_tRP ==> 13750
MIG: 11:44:03 :  Invalid Param: DDR3_tRRD ==> 7500
MIG: 11:44:03 :  Invalid Param: DDR3_tRTP ==> 7500
MIG: 11:44:03 :  Invalid Param: DDR3_tWTR ==> 7500
MIG: 11:44:03 :  Invalid Param: DDR3_tZQI ==> 128_000_000
MIG: 11:44:03 :  Invalid Param: DDR3_tZQCS ==> 64
MIG: 11:44:03 :  Invalid Param: DDR3_SIM_BYPASS_INIT_CAL ==> "OFF"
MIG: 11:44:03 :  Invalid Param: DDR3_SIMULATION ==> "FALSE"
MIG: 11:44:03 :  Invalid Param: DDR3_BYTE_LANES_B0 ==> 4'b1111
MIG: 11:44:03 :  Invalid Param: DDR3_BYTE_LANES_B1 ==> 4'b0000
MIG: 11:44:03 :  Invalid Param: DDR3_BYTE_LANES_B2 ==> 4'b0000
MIG: 11:44:03 :  Invalid Param: DDR3_BYTE_LANES_B3 ==> 4'b0000
MIG: 11:44:03 :  Invalid Param: DDR3_BYTE_LANES_B4 ==> 4'b0000
MIG: 11:44:03 :  Invalid Param: DDR3_DATA_CTL_B0 ==> 4'b0101
MIG: 11:44:03 :  Invalid Param: DDR3_DATA_CTL_B1 ==> 4'b0000
MIG: 11:44:03 :  Invalid Param: DDR3_DATA_CTL_B2 ==> 4'b0000
MIG: 11:44:03 :  Invalid Param: DDR3_DATA_CTL_B3 ==> 4'b0000
MIG: 11:44:03 :  Invalid Param: DDR3_DATA_CTL_B4 ==> 4'b0000
MIG: 11:44:03 :  Invalid Param: DDR3_PHY_0_BITLANES ==> 48'hFFE_3F7_FFF_3FE
MIG: 11:44:03 :  Invalid Param: DDR3_PHY_1_BITLANES ==> 48'h000_000_000_000
MIG: 11:44:03 :  Invalid Param: DDR3_PHY_2_BITLANES ==> 48'h000_000_000_000
MIG: 11:44:03 :  Invalid Param: DDR3_CK_BYTE_MAP ==> 144'h00_00_00_00_00_00_00_00_00_00_00_00_00_00_00_00_00_03
MIG: 11:44:03 :  Invalid Param: DDR3_ADDR_MAP ==> 192'h000_000_037_010_033_01A_019_032_03A_034_018_036_012_011_017_015
MIG: 11:44:03 :  Invalid Param: DDR3_BANK_MAP ==> 36'h013_016_01B
MIG: 11:44:03 :  Invalid Param: DDR3_CAS_MAP ==> 12'h039
MIG: 11:44:03 :  Invalid Param: DDR3_CKE_ODT_BYTE_MAP ==> 8'h00
MIG: 11:44:03 :  Invalid Param: DDR3_CKE_MAP ==> 96'h000_000_000_000_000_000_000_038
MIG: 11:44:03 :  Invalid Param: DDR3_ODT_MAP ==> 96'h000_000_000_000_000_000_000_035
MIG: 11:44:03 :  Invalid Param: DDR3_CS_MAP ==> 120'h000_000_000_000_000_000_000_000_000_031
MIG: 11:44:03 :  Invalid Param: DDR3_PARITY_MAP ==> 12'h000
MIG: 11:44:03 :  Invalid Param: DDR3_RAS_MAP ==> 12'h014
MIG: 11:44:03 :  Invalid Param: DDR3_WE_MAP ==> 12'h03B
MIG: 11:44:03 :  Invalid Param: DDR3_DQS_BYTE_MAP ==> 144'h00_00_00_00_00_00_00_00_00_00_00_00_00_00_00_00_02_00
MIG: 11:44:03 :  Invalid Param: DDR3_DATA0_MAP ==> 96'h008_004_009_007_005_001_006_003
MIG: 11:44:03 :  Invalid Param: DDR3_DATA1_MAP ==> 96'h022_028_020_024_027_025_026_021
MIG: 11:44:03 :  Invalid Param: DDR3_DATA2_MAP ==> 96'h000_000_000_000_000_000_000_000
MIG: 11:44:04 :  Invalid Param: DDR3_DATA3_MAP ==> 96'h000_000_000_000_000_000_000_000
MIG: 11:44:04 :  Invalid Param: DDR3_DATA4_MAP ==> 96'h000_000_000_000_000_000_000_000
MIG: 11:44:04 :  Invalid Param: DDR3_DATA5_MAP ==> 96'h000_000_000_000_000_000_000_000
MIG: 11:44:04 :  Invalid Param: DDR3_DATA6_MAP ==> 96'h000_000_000_000_000_000_000_000
MIG: 11:44:04 :  Invalid Param: DDR3_DATA7_MAP ==> 96'h000_000_000_000_000_000_000_000
MIG: 11:44:04 :  Invalid Param: DDR3_DATA8_MAP ==> 96'h000_000_000_000_000_000_000_000
MIG: 11:44:04 :  Invalid Param: DDR3_DATA9_MAP ==> 96'h000_000_000_000_000_000_000_000
MIG: 11:44:04 :  Invalid Param: DDR3_DATA10_MAP ==> 96'h000_000_000_000_000_000_000_000
MIG: 11:44:04 :  Invalid Param: DDR3_DATA11_MAP ==> 96'h000_000_000_000_000_000_000_000
MIG: 11:44:04 :  Invalid Param: DDR3_DATA12_MAP ==> 96'h000_000_000_000_000_000_000_000
MIG: 11:44:04 :  Invalid Param: DDR3_DATA13_MAP ==> 96'h000_000_000_000_000_000_000_000
MIG: 11:44:04 :  Invalid Param: DDR3_DATA14_MAP ==> 96'h000_000_000_000_000_000_000_000
MIG: 11:44:04 :  Invalid Param: DDR3_DATA15_MAP ==> 96'h000_000_000_000_000_000_000_000
MIG: 11:44:04 :  Invalid Param: DDR3_DATA16_MAP ==> 96'h000_000_000_000_000_000_000_000
MIG: 11:44:04 :  Invalid Param: DDR3_DATA17_MAP ==> 96'h000_000_000_000_000_000_000_000
MIG: 11:44:04 :  Invalid Param: DDR3_MASK0_MAP ==> 108'h000_000_000_000_000_000_000_029_002
MIG: 11:44:04 :  Invalid Param: DDR3_MASK1_MAP ==> 108'h000_000_000_000_000_000_000_000_000
MIG: 11:44:04 :  Invalid Param: DDR3_SLOT_0_CONFIG ==> 8'b0000_0001
MIG: 11:44:04 :  Invalid Param: DDR3_SLOT_1_CONFIG ==> 8'b0000_0000
MIG: 11:44:04 :  Invalid Param: DDR3_IBUF_LPWR_MODE ==> "OFF"
MIG: 11:44:04 :  Invalid Param: DDR3_DATA_IO_IDLE_PWRDWN ==> "ON"
MIG: 11:44:04 :  Invalid Param: DDR3_BANK_TYPE ==> "HR_IO"
MIG: 11:44:04 :  Invalid Param: DDR3_DATA_IO_PRIM_TYPE ==> "HR_LP"
MIG: 11:44:04 :  Invalid Param: DDR3_CKE_ODT_AUX ==> "FALSE"
MIG: 11:44:04 :  Invalid Param: DDR3_USER_REFRESH ==> "OFF"
MIG: 11:44:04 :  Invalid Param: DDR3_WRLVL ==> "ON"
MIG: 11:44:04 :  Invalid Param: DDR3_ORDERING ==> "NORM"
MIG: 11:44:04 :  Invalid Param: DDR3_CALIB_ROW_ADD ==> 16'h0000
MIG: 11:44:04 :  Invalid Param: DDR3_CALIB_COL_ADD ==> 12'h000
MIG: 11:44:04 :  Invalid Param: DDR3_CALIB_BA_ADD ==> 3'h0
MIG: 11:44:04 :  Invalid Param: DDR3_TCQ ==> 100
MIG: 11:44:04 :  Invalid Param: DDR3_IDELAY_ADJ ==> "OFF"
MIG: 11:44:04 :  Invalid Param: DDR3_FINE_PER_BIT ==> "OFF"
MIG: 11:44:04 :  Invalid Param: DDR3_CENTER_COMP_MODE ==> "OFF"
MIG: 11:44:04 :  Invalid Param: DDR3_PI_VAL_ADJ ==> "OFF"
MIG: 11:44:04 :  Invalid Param: DDR3_IODELAY_GRP0 ==> "SYSTEM_MIG_7SERIES_0_1_IODELAY_MIG0"
MIG: 11:44:04 :  Invalid Param: DDR3_IODELAY_GRP1 ==> "SYSTEM_MIG_7SERIES_0_1_IODELAY_MIG1"
MIG: 11:44:04 :  Invalid Param: DDR3_SYSCLK_TYPE ==> "NO_BUFFER"
MIG: 11:44:04 :  Invalid Param: DDR3_REFCLK_TYPE ==> "USE_SYSTEM_CLOCK"
MIG: 11:44:04 :  Invalid Param: DDR3_SYS_RST_PORT ==> "FALSE"
MIG: 11:44:04 :  Invalid Param: DDR3_FPGA_SPEED_GRADE ==> 1
MIG: 11:44:04 :  Invalid Param: DDR3_CMD_PIPE_PLUS1 ==> "ON"
MIG: 11:44:04 :  Invalid Param: DDR3_DRAM_TYPE ==> "DDR3"
MIG: 11:44:04 :  Invalid Param: DDR3_CAL_WIDTH ==> "HALF"
MIG: 11:44:04 :  Invalid Param: DDR3_STARVE_LIMIT ==> 2
MIG: 11:44:04 :  Invalid Param: DDR3_REF_CLK_MMCM_IODELAY_CTRL ==> "FALSE"
MIG: 11:44:04 :  Invalid Param: DDR3_REFCLK_FREQ ==> 200.0
MIG: 11:44:04 :  Invalid Param: DDR3_DIFF_TERM_REFCLK ==> "TRUE"
MIG: 11:44:04 :  Invalid Param: DDR3_tCK ==> 2500
MIG: 11:44:04 : 4
MIG: 11:44:04 :  Valid Param: DDR3_nCK_PER_CLK ==> 4
MIG: 11:44:04 :  Invalid Param: DDR3_DIFF_TERM_SYSCLK ==> "TRUE"
MIG: 11:44:04 : 
MIG: 11:44:04 :  Valid Param: UI_EXTRA_CLOCKS ==> FALSE
MIG: 11:44:04 : 
MIG: 11:44:04 :  Valid Param: C_S_AXI_ID_WIDTH ==> 4
MIG: 11:44:04 : 268435456
MIG: 11:44:04 :  Valid Param: C_S_AXI_MEM_SIZE ==> 268435456
MIG: 11:44:04 : 28
MIG: 11:44:04 :  Valid Param: C_S_AXI_ADDR_WIDTH ==> 28
MIG: 11:44:04 : 128
MIG: 11:44:04 :  Valid Param: C_S_AXI_DATA_WIDTH ==> 128
MIG: 11:44:04 :  Invalid Param: DDR3_C_MC_nCK_PER_CLK ==> 4
MIG: 11:44:04 :  Invalid Param: C_S_AXI_SUPPORTS_NARROW_BURST ==> 0
MIG: 11:44:04 :  Invalid Param: DDR3_C_RD_WR_ARB_ALGORITHM ==> "RD_PRI_REG"
MIG: 11:44:04 :  Invalid Param: C_S_AXI_REG_EN0 ==> 20'h00000
MIG: 11:44:04 :  Invalid Param: C_S_AXI_REG_EN1 ==> 20'h00000
MIG: 11:44:04 : 
MIG: 11:44:04 :  Valid Param: C_S_AXI_CTRL_ADDR_WIDTH ==> 32
MIG: 11:44:04 : 
MIG: 11:44:04 :  Valid Param: C_S_AXI_CTRL_DATA_WIDTH ==> 32
MIG: 11:44:04 :  Invalid Param: C_S_AXI_BASEADDR ==> 32'h0000_0000
MIG: 11:44:04 :  Invalid Param: C_ECC_ONOFF_RESET_VALUE ==> 1
MIG: 11:44:04 :  Invalid Param: C_ECC_CE_COUNTER_WIDTH ==> 8
MIG: 11:44:04 : 
MIG: 11:44:04 :  Valid Param: DDR3_DEBUG_PORT ==> OFF
MIG: 11:44:04 : 
MIG: 11:44:04 :  Invalid Param: DDR3_TEMP_MON_CONTROL ==> "INTERNAL"
MIG: 11:44:04 :  Invalid Param: DDR3_FPGA_VOLT_TYPE ==> "N"
MIG: 11:44:04 :  Invalid Param: DDR3_RST_ACT_LOW ==> 1
MIG: 11:44:04 : NOBUF
MIG: 11:44:04 : NONE
MIG: 11:44:04 : 
MIG: 11:44:04 : Same Interface
MIG: 11:50:11 : Running synthesis.xit
MIG: 11:50:11 : IGN:     <ModuleName>system_mig_7series_0_1</ModuleName> <==>     <ModuleName>system_mig_7series_0_1</ModuleName> 
MIG: 11:50:11 : ERR:     <SysResetPolarity>ACTIVE HIGH</SysResetPolarity> <==>     <SysResetPolarity>ACTIVE LOW</SysResetPolarity> 
MIG: 11:50:11 : ################# RUNNING MIG BATCH ###################
MIG: 11:50:11 : Writing IN file for 'system_mig_7series_0_1'...compDirPath: c:/Xilinx/Vivado/2018.2/data/ip/xilinx/mig_7series_v4_1... instDirPath: d:/Projects/MimasA7_Gigabit_Ethernet/MimasA7_Gigabit_Ethernet.srcs/sources_1/bd/system/ip/system_mig_7series_0_1
MIG: 11:50:11 : synp_flow:  -- synthesis_mode: Other
MIG: 11:50:11 : outputDirectory: d:/Projects/MimasA7_Gigabit_Ethernet/MimasA7_Gigabit_Ethernet.srcs/sources_1/bd/system/ip/system_mig_7series_0_1/_tmp/
MIG: 11:50:11 : vivado_mode: xpg_bd
MIG: 11:50:11 : isPortInterface: 0
MIG: 11:50:11 : isPortInterface: 0
MIG: 11:50:11 : isPortInterface: 0
MIG: 11:50:11 : isPortInterface: 0
MIG: 11:50:11 : isPortInterface: 0
MIG: 11:50:11 : isPortInterface: 0
MIG: 11:50:11 : isPortInterface: 0
MIG: 11:50:11 : isPortInterface: 0
MIG: 11:50:11 : isPortInterface: 0
MIG: 11:50:11 : isPortInterface: 0
MIG: 11:50:11 : isPortInterface: 0
MIG: 11:50:11 : isPortInterface: 0
MIG: 11:50:11 : isPortInterface: 0
MIG: 11:50:11 : isPortInterface: 0
MIG: 11:50:11 : isPortInterface: 0
MIG: 11:50:11 : isPortInterface: 0
MIG: 11:50:11 : isPortInterface: 0
MIG: 11:50:11 : isPortInterface: 0
MIG: 11:50:11 : isPortInterface: 0
MIG: 11:50:11 : isPortInterface: 0
MIG: 11:50:11 : isPortInterface: 0
MIG: 11:50:11 : isPortInterface: 0
MIG: 11:50:11 : isPortInterface: 0
MIG: 11:50:11 : isPortInterface: 0
MIG: 11:50:11 : isPortInterface: 0
MIG: 11:50:11 : isPortInterface: 0
MIG: 11:50:11 : isPortInterface: 0
MIG: 11:50:11 : isPortInterface: 0
MIG: 11:50:11 : isPortInterface: 0
MIG: 11:50:11 : isPortInterface: 0
MIG: 11:50:11 : isPortInterface: 0
MIG: 11:50:11 : isPortInterface: 0
MIG: 11:50:11 : isPortInterface: 0
MIG: 11:50:11 : isPortInterface: 0
MIG: 11:50:11 : isPortInterface: 0
MIG: 11:50:11 : isPortInterface: 0
MIG: 11:50:11 : isPortInterface: 0
MIG: 11:50:11 : isPortInterface: 0
MIG: 11:50:11 : isPortInterface: 0
MIG: 11:50:11 : isPortInterface: 0
MIG: 11:50:11 : isPortInterface: 0
MIG: 11:50:11 : isPortInterface: 0
MIG: 11:50:11 : isPortInterface: 0
MIG: 11:50:11 : isPortInterface: 0
MIG: 11:50:11 : isPortInterface: 0
MIG: 11:50:11 : isPortInterface: 0
MIG: 11:50:11 : isPortInterface: 0
MIG: 11:50:11 : isPortInterface: 0
MIG: 11:50:11 : isPortInterface: 0
MIG: 11:50:11 : isPortInterface: 0
MIG: 11:50:11 : isPortInterface: 0
MIG: 11:50:11 : isPortInterface: 0
MIG: 11:50:11 : isPortInterface: 0
MIG: 11:50:11 : isPortInterface: 0
MIG: 11:50:11 : isPortInterface: 0
MIG: 11:50:11 : isPortInterface: 0
MIG: 11:50:11 : isPortInterface: 0
MIG: 11:50:11 : isPortInterface: 0
MIG: 11:50:11 : isPortInterface: 0
MIG: 11:50:11 : isPortInterface: 0
MIG: 11:50:11 : isPortInterface: 0
MIG: 11:50:11 : isPortInterface: 0
MIG: 11:50:11 : isPortInterface: 0
MIG: 11:50:11 : isPortInterface: 0
MIG: 11:50:11 : isPortInterface: 0
MIG: 11:50:11 : isPortInterface: 0
MIG: 11:50:11 : isPortInterface: 0
MIG: 11:50:11 : isPortInterface: 0
MIG: 11:50:11 : isPortInterface: 0
MIG: 11:50:11 : isPortInterface: 0
MIG: 11:50:11 : isPortInterface: 0
MIG: 11:50:11 : isPortInterface: 0
MIG: 11:50:11 : isPortInterface: 0
MIG: 11:50:11 : isPortInterface: 0
MIG: 11:50:11 : isPortInterface: 0
MIG: 11:50:11 : isPortInterface: 0
MIG: 11:50:11 : isPortInterface: 0
MIG: 11:50:11 : isPortInterface: 0
MIG: 11:50:11 : isPortInterface: 0
MIG: 11:50:11 : isPortInterface: 0
MIG: 11:50:11 : isPortInterface: 0
MIG: 11:50:11 : isPortInterface: 0
MIG: 11:50:11 : isPortInterface: 0
MIG: 11:50:11 : isPortInterface: 0
MIG: 11:50:11 : isPortInterface: 0
MIG: 11:50:11 : isPortInterface: 0
MIG: 11:50:11 : isPortInterface: 0
MIG: 11:50:11 : isPortInterface: 0
MIG: 11:50:11 : isPortInterface: 0
MIG: 11:50:11 : isPortInterface: 0
MIG: 11:50:11 : isPortInterface: 0
MIG: 11:50:11 : isPortInterface: 0
MIG: 11:50:11 : isPortInterface: 0
MIG: 11:50:11 : isPortInterface: 0
MIG: 11:50:12 : isPortInterface: 0
MIG: 11:50:12 : isPortInterface: 0
MIG: 11:50:12 : isPortInterface: 0
MIG: 11:50:12 : isPortInterface: 0
MIG: 11:50:12 : isPortInterface: 0
MIG: 11:50:12 : isPortInterface: 0
MIG: 11:50:12 : isPortInterface: 0
MIG: 11:50:12 : isPortInterface: 0
MIG: 11:50:12 : isPortInterface: 0
MIG: 11:50:12 : isPortInterface: 0
MIG: 11:50:12 : isPortInterface: 0
MIG: 11:50:12 : isPortInterface: 0
MIG: 11:50:12 : isPortInterface: 0
MIG: 11:50:12 : isPortInterface: 0
MIG: 11:50:12 : isPortInterface: 0
MIG: 11:50:12 : isPortInterface: 0
MIG: 11:50:12 : isPortInterface: 0
MIG: 11:50:12 : isPortInterface: 0
MIG: 11:50:12 : isPortInterface: 0
MIG: 11:50:12 : isPortInterface: 0
MIG: 11:50:12 : isPortInterface: 0
MIG: 11:50:12 : isPortInterface: 0
MIG: 11:50:12 : isPortInterface: 0
MIG: 11:50:12 : isPortInterface: 0
MIG: 11:50:12 : isPortInterface: 0
MIG: 11:50:12 : isPortInterface: 0
MIG: 11:50:12 : isPortInterface: 0
MIG: 11:50:12 : isPortInterface: 0
MIG: 11:50:12 : isPortInterface: 0
MIG: 11:50:12 : isPortInterface: 0
MIG: 11:50:12 : isPortInterface: 1
MIG: 11:50:12 : isPortInterface: 0
MIG: 11:50:12 : isPortInterface: 0
MIG: 11:50:12 : isPortInterface: 0
MIG: 11:50:12 : isPortInterface: 0
MIG: 11:50:12 : isPortInterface: 0
MIG: 11:50:12 : isPortInterface: 0
MIG: 11:50:12 : isPortInterface: 0
MIG: 11:50:12 : isPortInterface: 0
MIG: 11:50:12 : isPortInterface: 0
MIG: 11:50:12 : isPortInterface: 0
MIG: 11:50:12 :  locked false  
MIG: 11:50:12 : HDL Language: Verilog
MIG: 11:50:12 : compInfo: false
MIG: 11:50:12 : Vivado Options xc7a50t fgg484 -1
MIG: 11:50:12 : 1: xc7a50t 2: fgg484 3: -1
MIG: 11:50:12 : relative mig path: coregen/ip/xilinx/other/com/xilinx/ip/mig_7series_v4_1/bin/nt64/mig.exe
MIG: 11:50:12 : xilinx_path: C:/Xilinx/Vivado/2018.2/ids_lite/ISE
MIG: 11:50:12 : I am in catch area
MIG: 11:50:12 : Running C:/Xilinx/Vivado/2018.2/ids_lite/ISE/coregen/ip/xilinx/other/com/xilinx/ip/mig_7series_v4_1/bin/nt64/mig.exe -cg_exc_inp d:/Projects/MimasA7_Gigabit_Ethernet/MimasA7_Gigabit_Ethernet.srcs/sources_1/bd/system/ip/system_mig_7series_0_1/xil_txt.in -cg_exc_out d:/Projects/MimasA7_Gigabit_Ethernet/MimasA7_Gigabit_Ethernet.srcs/sources_1/bd/system/ip/system_mig_7series_0_1/xil_txt.out ... 
MIG: 11:50:19 : XML_INPUT_FILE: d:/Projects/MimasA7_Gigabit_Ethernet/MimasA7_Gigabit_Ethernet.srcs/sources_1/bd/system/ip/system_mig_7series_0_1/mig_a.prj
MIG: 11:50:19 : Component_Name: system_mig_7series_0_1
MIG: 11:50:19 : Moving system_mig_7series_0_1 ...
MIG: 11:50:19 : Moving system_mig_7series_0_1.veo ...
MIG: 11:50:19 : Moving system_mig_7series_0_1_xmdf.tcl ...
MIG: 11:50:20 : Running vlog_synth_rpr.xit
MIG: 11:50:20 : IGN:     <ModuleName>system_mig_7series_0_1</ModuleName> <==>     <ModuleName>system_mig_7series_0_1</ModuleName> 
MIG: 11:50:20 : IGN:         <InputClkFreq>200</InputClkFreq> <==>         <InputClkFreq>200</InputClkFreq> 
MIG: 11:50:20 : Running simulation.xit
MIG: 11:50:20 : IGN:     <ModuleName>system_mig_7series_0_1</ModuleName> <==>     <ModuleName>system_mig_7series_0_1</ModuleName> 
MIG: 11:50:20 : IGN:         <InputClkFreq>200</InputClkFreq> <==>         <InputClkFreq>200</InputClkFreq> 
MIG: 11:50:20 : Running vlog_sim_rpr.xit .. PRASAD DBG1
MIG: 11:50:20 : IGN:     <ModuleName>system_mig_7series_0_1</ModuleName> <==>     <ModuleName>system_mig_7series_0_1</ModuleName> 
MIG: 11:50:20 : IGN:         <InputClkFreq>200</InputClkFreq> <==>         <InputClkFreq>200</InputClkFreq> 
MIG: 11:50:21 : Running implementation.xit
MIG: 11:50:21 : IGN:     <ModuleName>system_mig_7series_0_1</ModuleName> <==>     <ModuleName>system_mig_7series_0_1</ModuleName> 
MIG: 11:50:21 : IGN:         <InputClkFreq>200</InputClkFreq> <==>         <InputClkFreq>200</InputClkFreq> 
MIG: 11:55:09 : Running synthesis.xit
MIG: 11:55:09 : ################# RUNNING MIG BATCH ###################
MIG: 11:55:09 : Writing IN file for 'system_mig_7series_0_1'...compDirPath: c:/Xilinx/Vivado/2018.2/data/ip/xilinx/mig_7series_v4_1... instDirPath: d:/Others/RohitSir/MimasA7_Gigabit_Ethernet/MimasA7_Gigabit_Ethernet.srcs/sources_1/bd/system/ip/system_mig_7series_0_1
MIG: 11:55:09 : synp_flow:  -- synthesis_mode: Other
MIG: 11:55:09 : outputDirectory: d:/Others/RohitSir/MimasA7_Gigabit_Ethernet/MimasA7_Gigabit_Ethernet.srcs/sources_1/bd/system/ip/system_mig_7series_0_1/_tmp/
MIG: 11:55:09 : vivado_mode: xpg_bd
MIG: 11:55:09 : isPortInterface: 0
MIG: 11:55:09 : isPortInterface: 0
MIG: 11:55:09 : isPortInterface: 0
MIG: 11:55:09 : isPortInterface: 0
MIG: 11:55:09 : isPortInterface: 0
MIG: 11:55:09 : isPortInterface: 0
MIG: 11:55:09 : isPortInterface: 0
MIG: 11:55:09 : isPortInterface: 0
MIG: 11:55:09 : isPortInterface: 0
MIG: 11:55:09 : isPortInterface: 0
MIG: 11:55:09 : isPortInterface: 0
MIG: 11:55:09 : isPortInterface: 0
MIG: 11:55:09 : isPortInterface: 0
MIG: 11:55:09 : isPortInterface: 0
MIG: 11:55:09 : isPortInterface: 0
MIG: 11:55:09 : isPortInterface: 0
MIG: 11:55:09 : isPortInterface: 0
MIG: 11:55:09 : isPortInterface: 0
MIG: 11:55:09 : isPortInterface: 0
MIG: 11:55:09 : isPortInterface: 0
MIG: 11:55:09 : isPortInterface: 0
MIG: 11:55:09 : isPortInterface: 0
MIG: 11:55:09 : isPortInterface: 0
MIG: 11:55:09 : isPortInterface: 0
MIG: 11:55:09 : isPortInterface: 0
MIG: 11:55:09 : isPortInterface: 0
MIG: 11:55:09 : isPortInterface: 0
MIG: 11:55:09 : isPortInterface: 0
MIG: 11:55:09 : isPortInterface: 0
MIG: 11:55:09 : isPortInterface: 0
MIG: 11:55:09 : isPortInterface: 0
MIG: 11:55:09 : isPortInterface: 0
MIG: 11:55:09 : isPortInterface: 0
MIG: 11:55:09 : isPortInterface: 0
MIG: 11:55:09 : isPortInterface: 0
MIG: 11:55:09 : isPortInterface: 0
MIG: 11:55:09 : isPortInterface: 0
MIG: 11:55:09 : isPortInterface: 0
MIG: 11:55:09 : isPortInterface: 0
MIG: 11:55:09 : isPortInterface: 0
MIG: 11:55:09 : isPortInterface: 0
MIG: 11:55:09 : isPortInterface: 0
MIG: 11:55:09 : isPortInterface: 0
MIG: 11:55:09 : isPortInterface: 0
MIG: 11:55:09 : isPortInterface: 0
MIG: 11:55:09 : isPortInterface: 0
MIG: 11:55:09 : isPortInterface: 0
MIG: 11:55:09 : isPortInterface: 0
MIG: 11:55:09 : isPortInterface: 0
MIG: 11:55:09 : isPortInterface: 0
MIG: 11:55:09 : isPortInterface: 0
MIG: 11:55:09 : isPortInterface: 0
MIG: 11:55:09 : isPortInterface: 0
MIG: 11:55:09 : isPortInterface: 0
MIG: 11:55:09 : isPortInterface: 0
MIG: 11:55:09 : isPortInterface: 0
MIG: 11:55:09 : isPortInterface: 0
MIG: 11:55:09 : isPortInterface: 0
MIG: 11:55:09 : isPortInterface: 0
MIG: 11:55:09 : isPortInterface: 0
MIG: 11:55:09 : isPortInterface: 0
MIG: 11:55:09 : isPortInterface: 0
MIG: 11:55:09 : isPortInterface: 0
MIG: 11:55:09 : isPortInterface: 0
MIG: 11:55:09 : isPortInterface: 0
MIG: 11:55:09 : isPortInterface: 0
MIG: 11:55:09 : isPortInterface: 0
MIG: 11:55:09 : isPortInterface: 0
MIG: 11:55:09 : isPortInterface: 0
MIG: 11:55:09 : isPortInterface: 0
MIG: 11:55:09 : isPortInterface: 0
MIG: 11:55:09 : isPortInterface: 0
MIG: 11:55:09 : isPortInterface: 0
MIG: 11:55:09 : isPortInterface: 0
MIG: 11:55:09 : isPortInterface: 0
MIG: 11:55:09 : isPortInterface: 0
MIG: 11:55:09 : isPortInterface: 0
MIG: 11:55:09 : isPortInterface: 0
MIG: 11:55:09 : isPortInterface: 0
MIG: 11:55:09 : isPortInterface: 0
MIG: 11:55:09 : isPortInterface: 0
MIG: 11:55:09 : isPortInterface: 0
MIG: 11:55:09 : isPortInterface: 0
MIG: 11:55:09 : isPortInterface: 0
MIG: 11:55:09 : isPortInterface: 0
MIG: 11:55:09 : isPortInterface: 0
MIG: 11:55:09 : isPortInterface: 0
MIG: 11:55:09 : isPortInterface: 0
MIG: 11:55:09 : isPortInterface: 0
MIG: 11:55:09 : isPortInterface: 0
MIG: 11:55:09 : isPortInterface: 0
MIG: 11:55:09 : isPortInterface: 0
MIG: 11:55:09 : isPortInterface: 0
MIG: 11:55:09 : isPortInterface: 0
MIG: 11:55:09 : isPortInterface: 0
MIG: 11:55:09 : isPortInterface: 0
MIG: 11:55:09 : isPortInterface: 0
MIG: 11:55:09 : isPortInterface: 0
MIG: 11:55:09 : isPortInterface: 0
MIG: 11:55:09 : isPortInterface: 0
MIG: 11:55:09 : isPortInterface: 0
MIG: 11:55:09 : isPortInterface: 0
MIG: 11:55:09 : isPortInterface: 0
MIG: 11:55:09 : isPortInterface: 0
MIG: 11:55:09 : isPortInterface: 0
MIG: 11:55:09 : isPortInterface: 0
MIG: 11:55:09 : isPortInterface: 0
MIG: 11:55:09 : isPortInterface: 0
MIG: 11:55:09 : isPortInterface: 0
MIG: 11:55:09 : isPortInterface: 0
MIG: 11:55:09 : isPortInterface: 0
MIG: 11:55:09 : isPortInterface: 0
MIG: 11:55:09 : isPortInterface: 0
MIG: 11:55:09 : isPortInterface: 0
MIG: 11:55:09 : isPortInterface: 0
MIG: 11:55:09 : isPortInterface: 0
MIG: 11:55:09 : isPortInterface: 0
MIG: 11:55:09 : isPortInterface: 0
MIG: 11:55:09 : isPortInterface: 0
MIG: 11:55:09 : isPortInterface: 0
MIG: 11:55:09 : isPortInterface: 0
MIG: 11:55:09 : isPortInterface: 0
MIG: 11:55:09 : isPortInterface: 0
MIG: 11:55:09 : isPortInterface: 0
MIG: 11:55:09 : isPortInterface: 1
MIG: 11:55:09 : isPortInterface: 0
MIG: 11:55:09 : isPortInterface: 0
MIG: 11:55:09 : isPortInterface: 0
MIG: 11:55:09 : isPortInterface: 0
MIG: 11:55:09 : isPortInterface: 0
MIG: 11:55:09 : isPortInterface: 0
MIG: 11:55:09 : isPortInterface: 0
MIG: 11:55:09 : isPortInterface: 0
MIG: 11:55:09 : isPortInterface: 0
MIG: 11:55:09 : isPortInterface: 0
MIG: 11:55:09 :  locked false  
MIG: 11:55:09 : HDL Language: Verilog
MIG: 11:55:09 : compInfo: false
MIG: 11:55:09 : Vivado Options xc7a50t fgg484 -1
MIG: 11:55:09 : 1: xc7a50t 2: fgg484 3: -1
MIG: 11:55:09 : relative mig path: coregen/ip/xilinx/other/com/xilinx/ip/mig_7series_v4_1/bin/nt64/mig.exe
MIG: 11:55:09 : xilinx_path: C:/Xilinx/Vivado/2018.2/ids_lite/ISE
MIG: 11:55:09 : I am in catch area
MIG: 11:55:09 : Running C:/Xilinx/Vivado/2018.2/ids_lite/ISE/coregen/ip/xilinx/other/com/xilinx/ip/mig_7series_v4_1/bin/nt64/mig.exe -cg_exc_inp d:/Others/RohitSir/MimasA7_Gigabit_Ethernet/MimasA7_Gigabit_Ethernet.srcs/sources_1/bd/system/ip/system_mig_7series_0_1/xil_txt.in -cg_exc_out d:/Others/RohitSir/MimasA7_Gigabit_Ethernet/MimasA7_Gigabit_Ethernet.srcs/sources_1/bd/system/ip/system_mig_7series_0_1/xil_txt.out ... 
MIG: 11:55:18 : XML_INPUT_FILE: d:/Others/RohitSir/MimasA7_Gigabit_Ethernet/MimasA7_Gigabit_Ethernet.srcs/sources_1/bd/system/ip/system_mig_7series_0_1/mig_a.prj
MIG: 11:55:18 : Component_Name: system_mig_7series_0_1
MIG: 11:55:18 : Moving system_mig_7series_0_1 ...
MIG: 11:55:18 : Moving system_mig_7series_0_1.veo ...
MIG: 11:55:18 : Moving system_mig_7series_0_1_xmdf.tcl ...
MIG: 11:55:18 : Running vlog_synth_rpr.xit
MIG: 11:55:18 : IGN:     <ModuleName>system_mig_7series_0_1</ModuleName> <==>     <ModuleName>system_mig_7series_0_1</ModuleName> 
MIG: 11:55:18 : IGN:         <InputClkFreq>200</InputClkFreq> <==>         <InputClkFreq>200</InputClkFreq> 
MIG: 11:55:19 : Running simulation.xit
MIG: 11:55:19 : IGN:     <ModuleName>system_mig_7series_0_1</ModuleName> <==>     <ModuleName>system_mig_7series_0_1</ModuleName> 
MIG: 11:55:19 : IGN:         <InputClkFreq>200</InputClkFreq> <==>         <InputClkFreq>200</InputClkFreq> 
MIG: 11:55:19 : Running vlog_sim_rpr.xit .. PRASAD DBG1
MIG: 11:55:19 : IGN:     <ModuleName>system_mig_7series_0_1</ModuleName> <==>     <ModuleName>system_mig_7series_0_1</ModuleName> 
MIG: 11:55:19 : IGN:         <InputClkFreq>200</InputClkFreq> <==>         <InputClkFreq>200</InputClkFreq> 
MIG: 11:55:19 : Running implementation.xit
MIG: 11:55:19 : IGN:     <ModuleName>system_mig_7series_0_1</ModuleName> <==>     <ModuleName>system_mig_7series_0_1</ModuleName> 
MIG: 11:55:19 : IGN:         <InputClkFreq>200</InputClkFreq> <==>         <InputClkFreq>200</InputClkFreq> 
